abcfdfdsf
fdfdabc
fdfdf
abcabc
fdsfsdfabcfdfgdabcabcfdfdsf
fdfdabc
fdfdf
fdsfsdfabcfdfgdabc
abcfdfdsf
fdfdabc
fdfdfabcfdfdsf
fdfdabc
fdfdf
abcabc
fdsfsdfabcfdfgdabcabcfdfdsf
fdfdabc
fdfdf
fdsfsdfabcfdfgdabc
abcfdfdsf
fdfdabc
fdfdfabcfdfdsf
fdfdabc
fdfdf
abcabc
fdsfsdfabcfdfgdabcabcfdfdsf
fdfdabc
fdfdf
fdsfsdfabcfdfgdabc
abcfdfdsf
fdfdabc
fdfdfabcfdfdsf
fdfdabc
fdfdf
abcabc
fdsfsdfabcfdfgdabcabcfdfdsf
fdfdabc
fdfdf
fdsfsdfabcfdfgdabc
abcfdfdsf
fdfdabc
fdfdfabcfdfdsf
fdfdabc
fdfdf
abcabc
fdsfsdfabcfdfgdabcabcfdfdsf
fdfdabc
fdfdf
fdsfsdfabcfdfgdabc
abcfdfdsf
fdfdabc
fdfdffdsfsdfardnyaDHFHUFHUDHF